
2023-07-03 17:41:11,944 - [ERROR] - ProjectErrorLog - [msg]'expect' - [common.py:164 ]
2023-07-03 17:41:11,950 - [DEBUG] - ProjectErrorLog - [msg]新增用例G:\learn_project\djangoProject\suites\20230703174111930515\自动化测试平台项目\登录接口_自动化测试平台项目\登录接口_正向用例.yaml - [common.py:181 ]
2023-07-03 17:41:16,244 - [ERROR] - ProjectErrorLog - [msg]'content' - [common.py:65 ]
2023-07-03 17:43:11,569 - [ERROR] - ProjectErrorLog - [msg]'expect' - [common.py:164 ]
2023-07-03 17:43:11,576 - [DEBUG] - ProjectErrorLog - [msg]新增用例G:\learn_project\djangoProject\suites\20230703174311524393\自动化测试平台项目\登录接口_自动化测试平台项目\登录接口_正向用例.yaml - [common.py:181 ]
2023-07-03 17:43:11,582 - [ERROR] - ProjectErrorLog - [msg]'expect' - [common.py:173 ]
2023-07-03 17:43:11,586 - [DEBUG] - ProjectErrorLog - [msg]新增用例G:\learn_project\djangoProject\suites\20230703174311524393\自动化测试平台项目\登录接口_自动化测试平台项目\登录接口_参数化用例_$title.yaml - [common.py:181 ]
2023-07-03 17:43:11,587 - [ERROR] - ProjectErrorLog - [msg]list index out of range - [common.py:119 ]
2023-07-03 17:43:11,599 - [DEBUG] - ProjectErrorLog - [msg]新增用例G:\learn_project\djangoProject\suites\20230703174311524393\自动化测试平台项目\登录接口_自动化测试平台项目\创建项目接口_正向用例.yaml - [common.py:181 ]
2023-07-03 17:43:11,607 - [ERROR] - ProjectErrorLog - [msg]'expect' - [common.py:164 ]
2023-07-03 17:43:11,608 - [ERROR] - ProjectErrorLog - [msg]'expect' - [common.py:173 ]
2023-07-03 17:43:11,621 - [DEBUG] - ProjectErrorLog - [msg]新增用例G:\learn_project\djangoProject\suites\20230703174311524393\自动化测试平台项目\登录接口_自动化测试平台项目\这是一个演示用例.yaml - [common.py:181 ]
2023-07-03 17:43:11,622 - [ERROR] - ProjectErrorLog - [msg]list index out of range - [common.py:119 ]
2023-07-03 17:43:11,628 - [ERROR] - ProjectErrorLog - [msg]invalid literal for int() with base 10: '$status_code' - [common.py:173 ]
2023-07-03 17:43:11,635 - [DEBUG] - ProjectErrorLog - [msg]新增用例G:\learn_project\djangoProject\suites\20230703174311524393\自动化测试平台项目\创建项目接口_自动化测试平台项目\创建项目接口_参数化用例_$title.yaml - [common.py:181 ]
2023-07-03 17:43:16,041 - [ERROR] - ProjectErrorLog - [msg]'content' - [common.py:65 ]
2023-07-03 17:44:10,079 - [ERROR] - ProjectErrorLog - [msg]'expect' - [common.py:164 ]
2023-07-03 17:44:23,042 - [DEBUG] - ProjectErrorLog - [msg]新增用例G:\learn_project\djangoProject\suites\20230703174410057298\自动化测试平台项目\登录接口_自动化测试平台项目\登录接口_正向用例.yaml - [common.py:181 ]
2023-07-03 17:45:26,414 - [ERROR] - ProjectErrorLog - [msg]'expect' - [common.py:173 ]
2023-07-03 17:45:26,419 - [DEBUG] - ProjectErrorLog - [msg]新增用例G:\learn_project\djangoProject\suites\20230703174410057298\自动化测试平台项目\登录接口_自动化测试平台项目\登录接口_参数化用例_$title.yaml - [common.py:181 ]
2023-07-03 17:45:26,420 - [ERROR] - ProjectErrorLog - [msg]list index out of range - [common.py:119 ]
2023-07-03 17:45:38,017 - [DEBUG] - ProjectErrorLog - [msg]新增用例G:\learn_project\djangoProject\suites\20230703174410057298\自动化测试平台项目\登录接口_自动化测试平台项目\创建项目接口_正向用例.yaml - [common.py:181 ]
2023-07-03 17:45:38,025 - [ERROR] - ProjectErrorLog - [msg]'expect' - [common.py:164 ]
2023-07-03 17:45:50,995 - [ERROR] - ProjectErrorLog - [msg]'expect' - [common.py:173 ]
2023-07-03 17:45:51,008 - [DEBUG] - ProjectErrorLog - [msg]新增用例G:\learn_project\djangoProject\suites\20230703174410057298\自动化测试平台项目\登录接口_自动化测试平台项目\这是一个演示用例.yaml - [common.py:181 ]
2023-07-03 17:45:51,009 - [ERROR] - ProjectErrorLog - [msg]list index out of range - [common.py:119 ]
2023-07-03 17:45:51,676 - [ERROR] - ProjectErrorLog - [msg]invalid literal for int() with base 10: '$status_code' - [common.py:173 ]
2023-07-03 17:45:51,684 - [DEBUG] - ProjectErrorLog - [msg]新增用例G:\learn_project\djangoProject\suites\20230703174410057298\自动化测试平台项目\创建项目接口_自动化测试平台项目\创建项目接口_参数化用例_$title.yaml - [common.py:181 ]
2023-07-03 17:45:56,049 - [ERROR] - ProjectErrorLog - [msg]'content' - [common.py:65 ]
