2023-07-12 13:51:55,476 - [ERROR] - ProjectErrorLog - [msg]eval() arg 1 must be a string, bytes or code object - [common.py:169 ]
2023-07-12 13:51:55,476 - [ERROR] - ProjectErrorLog - [msg]eval() arg 1 must be a string, bytes or code object - [common.py:176 ]
2023-07-12 13:51:55,483 - [INFO] - ProjectErrorLog - [msg]文件清理True - [common.py:237 ]
2023-07-12 13:51:55,515 - [ERROR] - ProjectErrorLog - [msg] - [common.py:192 ]
2023-07-12 13:52:29,367 - [ERROR] - ProjectErrorLog - [msg]eval() arg 1 must be a string, bytes or code object - [common.py:169 ]
2023-07-12 13:52:29,367 - [ERROR] - ProjectErrorLog - [msg]eval() arg 1 must be a string, bytes or code object - [common.py:176 ]
2023-07-12 13:52:29,376 - [INFO] - ProjectErrorLog - [msg]文件清理True - [common.py:237 ]
2023-07-12 13:52:29,397 - [ERROR] - ProjectErrorLog - [msg] - [common.py:192 ]
2023-07-12 13:53:21,111 - [ERROR] - ProjectErrorLog - [msg]eval() arg 1 must be a string, bytes or code object - [common.py:169 ]
2023-07-12 13:53:21,111 - [ERROR] - ProjectErrorLog - [msg]eval() arg 1 must be a string, bytes or code object - [common.py:176 ]
2023-07-12 13:53:21,119 - [INFO] - ProjectErrorLog - [msg]文件清理True - [common.py:237 ]
2023-07-12 13:53:21,147 - [ERROR] - ProjectErrorLog - [msg] - [common.py:192 ]
2023-07-12 13:56:35,922 - [ERROR] - ProjectErrorLog - [msg]eval() arg 1 must be a string, bytes or code object - [common.py:169 ]
2023-07-12 13:56:35,924 - [ERROR] - ProjectErrorLog - [msg]eval() arg 1 must be a string, bytes or code object - [common.py:169 ]
2023-07-12 13:56:35,924 - [ERROR] - ProjectErrorLog - [msg]eval() arg 1 must be a string, bytes or code object - [common.py:176 ]
2023-07-12 13:56:35,934 - [INFO] - ProjectErrorLog - [msg]文件清理True - [common.py:237 ]
2023-07-12 13:56:35,975 - [ERROR] - ProjectErrorLog - [msg] - [common.py:192 ]
2023-07-12 13:57:29,167 - [ERROR] - ProjectErrorLog - [msg]eval() arg 1 must be a string, bytes or code object - [common.py:169 ]
2023-07-12 13:57:29,169 - [ERROR] - ProjectErrorLog - [msg]eval() arg 1 must be a string, bytes or code object - [common.py:169 ]
2023-07-12 13:57:29,169 - [ERROR] - ProjectErrorLog - [msg]eval() arg 1 must be a string, bytes or code object - [common.py:176 ]
2023-07-12 13:58:09,354 - [ERROR] - ProjectErrorLog - [msg] - [common.py:192 ]
2023-07-12 13:58:09,354 - [INFO] - ProjectErrorLog - [msg]文件清理True - [common.py:237 ]
2023-07-12 13:58:43,952 - [ERROR] - ProjectErrorLog - [msg]eval() arg 1 must be a string, bytes or code object - [common.py:169 ]
2023-07-12 13:58:43,953 - [ERROR] - ProjectErrorLog - [msg]eval() arg 1 must be a string, bytes or code object - [common.py:169 ]
2023-07-12 13:58:43,954 - [ERROR] - ProjectErrorLog - [msg]eval() arg 1 must be a string, bytes or code object - [common.py:176 ]
2023-07-12 13:59:38,043 - [INFO] - ProjectErrorLog - [msg]文件清理True - [common.py:237 ]
2023-07-12 13:59:41,513 - [ERROR] - ProjectErrorLog - [msg] - [common.py:192 ]
2023-07-12 14:25:58,417 - [ERROR] - ProjectErrorLog - [msg]eval() arg 1 must be a string, bytes or code object - [common.py:169 ]
2023-07-12 14:25:58,418 - [ERROR] - ProjectErrorLog - [msg]eval() arg 1 must be a string, bytes or code object - [common.py:169 ]
2023-07-12 14:25:58,419 - [ERROR] - ProjectErrorLog - [msg]eval() arg 1 must be a string, bytes or code object - [common.py:176 ]
2023-07-12 14:26:02,830 - [INFO] - ProjectErrorLog - [msg]文件清理True - [common.py:237 ]
2023-07-12 14:26:48,033 - [ERROR] - ProjectErrorLog - [msg]eval() arg 1 must be a string, bytes or code object - [common.py:169 ]
2023-07-12 14:26:48,034 - [ERROR] - ProjectErrorLog - [msg]eval() arg 1 must be a string, bytes or code object - [common.py:169 ]
2023-07-12 14:26:48,034 - [ERROR] - ProjectErrorLog - [msg]eval() arg 1 must be a string, bytes or code object - [common.py:176 ]
2023-07-12 14:26:48,046 - [INFO] - ProjectErrorLog - [msg]文件清理True - [common.py:237 ]
2023-07-12 14:26:48,082 - [ERROR] - ProjectErrorLog - [msg] - [common.py:192 ]
2023-07-12 15:24:30,198 - [ERROR] - ProjectErrorLog - [msg]eval() arg 1 must be a string, bytes or code object - [common.py:169 ]
2023-07-12 15:24:30,199 - [ERROR] - ProjectErrorLog - [msg]eval() arg 1 must be a string, bytes or code object - [common.py:169 ]
2023-07-12 15:24:30,199 - [ERROR] - ProjectErrorLog - [msg]eval() arg 1 must be a string, bytes or code object - [common.py:176 ]
2023-07-12 15:24:30,206 - [ERROR] - ProjectErrorLog - [msg]eval() arg 1 must be a string, bytes or code object - [common.py:169 ]
2023-07-12 15:24:30,206 - [ERROR] - ProjectErrorLog - [msg]eval() arg 1 must be a string, bytes or code object - [common.py:176 ]
2023-07-12 15:24:30,209 - [ERROR] - ProjectErrorLog - [msg]list index out of range - [common.py:124 ]
2023-07-12 15:24:30,212 - [ERROR] - ProjectErrorLog - [msg]eval() arg 1 must be a string, bytes or code object - [common.py:169 ]
2023-07-12 15:24:30,212 - [ERROR] - ProjectErrorLog - [msg]eval() arg 1 must be a string, bytes or code object - [common.py:176 ]
2023-07-12 15:24:30,221 - [ERROR] - ProjectErrorLog - [msg]eval() arg 1 must be a string, bytes or code object - [common.py:169 ]
2023-07-12 15:24:30,221 - [ERROR] - ProjectErrorLog - [msg]eval() arg 1 must be a string, bytes or code object - [common.py:169 ]
2023-07-12 15:24:30,222 - [ERROR] - ProjectErrorLog - [msg]eval() arg 1 must be a string, bytes or code object - [common.py:169 ]
2023-07-12 15:24:30,223 - [ERROR] - ProjectErrorLog - [msg]eval() arg 1 must be a string, bytes or code object - [common.py:176 ]
2023-07-12 15:24:30,228 - [ERROR] - ProjectErrorLog - [msg]list index out of range - [common.py:124 ]
2023-07-12 15:24:30,232 - [ERROR] - ProjectErrorLog - [msg]eval() arg 1 must be a string, bytes or code object - [common.py:169 ]
2023-07-12 15:24:30,232 - [ERROR] - ProjectErrorLog - [msg]invalid syntax (<string>, line 1) - [common.py:176 ]
2023-07-12 15:24:30,235 - [INFO] - ProjectErrorLog - [msg]文件清理True - [common.py:237 ]
2023-07-12 15:24:30,302 - [ERROR] - ProjectErrorLog - [msg] - [common.py:192 ]
2023-07-12 15:30:38,450 - [ERROR] - ProjectErrorLog - [msg]eval() arg 1 must be a string, bytes or code object - [common.py:169 ]
2023-07-12 15:30:38,451 - [ERROR] - ProjectErrorLog - [msg]eval() arg 1 must be a string, bytes or code object - [common.py:176 ]
2023-07-12 15:30:38,453 - [INFO] - ProjectErrorLog - [msg]文件清理True - [common.py:237 ]
2023-07-12 15:30:38,482 - [ERROR] - ProjectErrorLog - [msg] - [common.py:192 ]
2023-07-12 15:31:03,299 - [ERROR] - ProjectErrorLog - [msg]eval() arg 1 must be a string, bytes or code object - [common.py:169 ]
2023-07-12 15:31:03,299 - [ERROR] - ProjectErrorLog - [msg]eval() arg 1 must be a string, bytes or code object - [common.py:176 ]
2023-07-12 15:31:03,301 - [INFO] - ProjectErrorLog - [msg]文件清理True - [common.py:237 ]
2023-07-12 15:31:03,313 - [ERROR] - ProjectErrorLog - [msg] - [common.py:192 ]
2023-07-12 16:14:53,725 - [ERROR] - ProjectErrorLog - [msg]eval() arg 1 must be a string, bytes or code object - [common.py:169 ]
2023-07-12 16:14:53,725 - [ERROR] - ProjectErrorLog - [msg]eval() arg 1 must be a string, bytes or code object - [common.py:176 ]
2023-07-12 16:14:53,732 - [INFO] - ProjectErrorLog - [msg]文件清理True - [common.py:237 ]
2023-07-12 16:14:53,769 - [ERROR] - ProjectErrorLog - [msg] - [common.py:192 ]
2023-07-12 16:22:11,264 - [ERROR] - ProjectErrorLog - [msg]eval() arg 1 must be a string, bytes or code object - [common.py:169 ]
2023-07-12 16:22:11,264 - [ERROR] - ProjectErrorLog - [msg]eval() arg 1 must be a string, bytes or code object - [common.py:176 ]
2023-07-12 16:22:14,040 - [INFO] - ProjectErrorLog - [msg]文件清理True - [common.py:237 ]
2023-07-12 16:22:18,312 - [ERROR] - ProjectErrorLog - [msg]'content' - [common.py:69 ]
2023-07-12 16:23:32,088 - [ERROR] - ProjectErrorLog - [msg]eval() arg 1 must be a string, bytes or code object - [common.py:169 ]
2023-07-12 16:23:32,089 - [ERROR] - ProjectErrorLog - [msg]eval() arg 1 must be a string, bytes or code object - [common.py:176 ]
2023-07-12 16:23:32,097 - [INFO] - ProjectErrorLog - [msg]文件清理True - [common.py:237 ]
2023-07-12 16:23:50,629 - [ERROR] - ProjectErrorLog - [msg]'content' - [common.py:69 ]
2023-07-12 16:25:41,372 - [ERROR] - ProjectErrorLog - [msg]eval() arg 1 must be a string, bytes or code object - [common.py:169 ]
2023-07-12 16:25:41,372 - [ERROR] - ProjectErrorLog - [msg]eval() arg 1 must be a string, bytes or code object - [common.py:176 ]
2023-07-12 16:25:41,380 - [INFO] - ProjectErrorLog - [msg]文件清理True - [common.py:237 ]
2023-07-12 16:26:50,361 - [ERROR] - ProjectErrorLog - [msg]'content' - [common.py:69 ]
2023-07-12 16:27:52,489 - [ERROR] - ProjectErrorLog - [msg]eval() arg 1 must be a string, bytes or code object - [common.py:169 ]
2023-07-12 16:27:52,489 - [ERROR] - ProjectErrorLog - [msg]eval() arg 1 must be a string, bytes or code object - [common.py:176 ]
2023-07-12 16:27:52,496 - [INFO] - ProjectErrorLog - [msg]文件清理True - [common.py:237 ]
2023-07-12 16:28:08,129 - [ERROR] - ProjectErrorLog - [msg]'content' - [common.py:69 ]
2023-07-12 16:28:23,149 - [ERROR] - ProjectErrorLog - [msg]eval() arg 1 must be a string, bytes or code object - [common.py:169 ]
2023-07-12 16:28:23,149 - [ERROR] - ProjectErrorLog - [msg]eval() arg 1 must be a string, bytes or code object - [common.py:176 ]
2023-07-12 16:28:23,157 - [INFO] - ProjectErrorLog - [msg]文件清理True - [common.py:237 ]
2023-07-12 16:28:27,418 - [ERROR] - ProjectErrorLog - [msg]'content' - [common.py:69 ]
2023-07-12 16:28:58,935 - [ERROR] - ProjectErrorLog - [msg]eval() arg 1 must be a string, bytes or code object - [common.py:169 ]
2023-07-12 16:28:58,935 - [ERROR] - ProjectErrorLog - [msg]eval() arg 1 must be a string, bytes or code object - [common.py:176 ]
2023-07-12 16:28:58,942 - [INFO] - ProjectErrorLog - [msg]文件清理True - [common.py:237 ]
2023-07-12 16:29:03,185 - [ERROR] - ProjectErrorLog - [msg]'content' - [common.py:69 ]
2023-07-12 16:29:30,071 - [ERROR] - ProjectErrorLog - [msg]eval() arg 1 must be a string, bytes or code object - [common.py:169 ]
2023-07-12 16:29:30,072 - [ERROR] - ProjectErrorLog - [msg]eval() arg 1 must be a string, bytes or code object - [common.py:176 ]
2023-07-12 16:29:34,459 - [ERROR] - ProjectErrorLog - [msg]'content' - [common.py:69 ]
2023-07-12 16:30:16,873 - [ERROR] - ProjectErrorLog - [msg]eval() arg 1 must be a string, bytes or code object - [common.py:169 ]
2023-07-12 16:30:16,873 - [ERROR] - ProjectErrorLog - [msg]eval() arg 1 must be a string, bytes or code object - [common.py:176 ]
2023-07-12 16:30:16,900 - [INFO] - ProjectErrorLog - [msg]文件清理True - [common.py:237 ]
2023-07-12 16:34:16,106 - [ERROR] - ProjectErrorLog - [msg]eval() arg 1 must be a string, bytes or code object - [common.py:176 ]
2023-07-12 16:34:16,107 - [ERROR] - ProjectErrorLog - [msg]eval() arg 1 must be a string, bytes or code object - [common.py:183 ]
2023-07-12 16:34:16,114 - [INFO] - ProjectErrorLog - [msg]文件清理True - [common.py:244 ]
2023-07-12 16:34:49,828 - [ERROR] - ProjectErrorLog - [msg]eval() arg 1 must be a string, bytes or code object - [common.py:176 ]
2023-07-12 16:34:49,829 - [ERROR] - ProjectErrorLog - [msg]eval() arg 1 must be a string, bytes or code object - [common.py:183 ]
2023-07-12 16:34:49,835 - [INFO] - ProjectErrorLog - [msg]文件清理True - [common.py:244 ]
2023-07-12 16:35:28,842 - [ERROR] - ProjectErrorLog - [msg]'content' - [common.py:64 ]
2023-07-12 16:35:31,978 - [ERROR] - ProjectErrorLog - [msg]'content' - [common.py:64 ]
2023-07-12 16:36:10,360 - [ERROR] - ProjectErrorLog - [msg]eval() arg 1 must be a string, bytes or code object - [common.py:176 ]
2023-07-12 16:36:10,360 - [ERROR] - ProjectErrorLog - [msg]eval() arg 1 must be a string, bytes or code object - [common.py:183 ]
2023-07-12 16:36:10,368 - [INFO] - ProjectErrorLog - [msg]文件清理True - [common.py:244 ]
2023-07-12 16:36:34,858 - [ERROR] - ProjectErrorLog - [msg]'content' - [common.py:64 ]
2023-07-12 16:36:38,597 - [ERROR] - ProjectErrorLog - [msg]dictionary update sequence element #0 has length 1; 2 is required - [common.py:70 ]
2023-07-12 16:36:41,978 - [ERROR] - ProjectErrorLog - [msg]'content' - [common.py:64 ]
2023-07-12 16:36:43,136 - [ERROR] - ProjectErrorLog - [msg]dictionary update sequence element #0 has length 1; 2 is required - [common.py:70 ]
2023-07-12 16:37:22,860 - [ERROR] - ProjectErrorLog - [msg]eval() arg 1 must be a string, bytes or code object - [common.py:176 ]
2023-07-12 16:37:22,860 - [ERROR] - ProjectErrorLog - [msg]eval() arg 1 must be a string, bytes or code object - [common.py:183 ]
2023-07-12 16:37:22,867 - [INFO] - ProjectErrorLog - [msg]文件清理True - [common.py:244 ]
2023-07-12 16:37:27,238 - [ERROR] - ProjectErrorLog - [msg]'content' - [common.py:64 ]
2023-07-12 16:37:27,238 - [ERROR] - ProjectErrorLog - [msg]dictionary update sequence element #0 has length 1; 2 is required - [common.py:70 ]
2023-07-12 16:37:27,238 - [ERROR] - ProjectErrorLog - [msg]'content' - [common.py:64 ]
2023-07-12 16:37:27,239 - [ERROR] - ProjectErrorLog - [msg]dictionary update sequence element #0 has length 1; 2 is required - [common.py:70 ]
2023-07-12 16:38:15,225 - [ERROR] - ProjectErrorLog - [msg]eval() arg 1 must be a string, bytes or code object - [common.py:176 ]
2023-07-12 16:38:15,226 - [ERROR] - ProjectErrorLog - [msg]eval() arg 1 must be a string, bytes or code object - [common.py:183 ]
2023-07-12 16:38:15,234 - [INFO] - ProjectErrorLog - [msg]文件清理True - [common.py:244 ]
2023-07-12 16:42:43,109 - [ERROR] - ProjectErrorLog - [msg]'content' - [common.py:64 ]
2023-07-12 16:42:43,109 - [ERROR] - ProjectErrorLog - [msg]dictionary update sequence element #0 has length 1; 2 is required - [common.py:70 ]
2023-07-12 16:42:43,109 - [ERROR] - ProjectErrorLog - [msg]'content' - [common.py:64 ]
2023-07-12 16:42:43,110 - [ERROR] - ProjectErrorLog - [msg]dictionary update sequence element #0 has length 1; 2 is required - [common.py:70 ]
2023-07-12 16:45:30,233 - [ERROR] - ProjectErrorLog - [msg]eval() arg 1 must be a string, bytes or code object - [common.py:179 ]
2023-07-12 16:45:30,394 - [INFO] - ProjectErrorLog - [msg]文件清理True - [common.py:240 ]
2023-07-12 16:45:34,703 - [ERROR] - ProjectErrorLog - [msg]'content' - [common.py:64 ]
2023-07-12 16:45:34,703 - [ERROR] - ProjectErrorLog - [msg]dictionary update sequence element #0 has length 1; 2 is required - [common.py:70 ]
2023-07-12 16:45:34,703 - [ERROR] - ProjectErrorLog - [msg]'content' - [common.py:64 ]
2023-07-12 16:45:34,703 - [ERROR] - ProjectErrorLog - [msg]dictionary update sequence element #0 has length 1; 2 is required - [common.py:70 ]
